<?xml version="1.0" encoding="UTF-8"?>
<testsuite xmlns:xsi="http://www.w3.org/2001/XMLSchema-instance" xsi:noNamespaceSchemaLocation="https://maven.apache.org/surefire/maven-surefire-plugin/xsd/surefire-test-report.xsd" name="Test_Delete_Product_In_Favorites" time="51.263" tests="12" errors="2" skipped="1" failures="0">
  <properties>
[...]
</properties>
  <testcase name="login" classname="Test_Delete_Product_In_Favorites" time="4.491"/>
  <testcase name="login" classname="Test_Add_Product_To_Favorites" time="0.663"/>
  <testcase name="login" classname="Test_Add_Product_To_Cart" time="1.387"/>
  <testcase name="go_to_my_list" classname="Test_Delete_Product_In_Favorites" time="9.79"/>
  <testcase name="search_a_product" classname="Test_Add_Product_To_Favorites" time="0.381"/>
  <testcase name="search_a_product" classname="Test_Add_Product_To_Cart" time="2.775"/>
  <testcase name="select_a_product" classname="Test_Add_Product_To_Cart" time="6.613">
    <error message="Expected condition failed: waiting for visibility of element located by By.xpath: //*[@id=&apos;productTitle&apos;] (tried for 5 second(s) with 500 milliseconds interval)" type="org.openqa.selenium.TimeoutException">org.openqa.selenium.TimeoutException: Expected condition failed: waiting for visibility of element located by By.xpath: //*[@id='productTitle'] (tried for 5 second(s) with 500 milliseconds interval)
	at Test_Add_Product_To_Cart.select_a_product(Test_Add_Product_To_Cart.java:37)
Caused by: org.openqa.selenium.NoSuchElementException: 
no such element: Unable to locate element: {"method":"xpath","selector":"//*[@id='productTitle']"}
  (Session info: chrome=104.0.5112.102)
For documentation on this error, please visit: https://www.seleniumhq.org/exceptions/no_such_element.html
Build info: version: '3.141.59', revision: 'e82be7d358', time: '2018-11-14T08:17:03'
System info: host: 'NRD5CG5396W33', ip: '192.168.1.55', os.name: 'Windows 10', os.arch: 'amd64', os.version: '10.0', java.version: '18.0.2'
Driver info: org.openqa.selenium.chrome.ChromeDriver
Capabilities {acceptInsecureCerts: false, browserName: chrome, browserVersion: 104.0.5112.102, chrome: {chromedriverVersion: 104.0.5112.79 (3cf3e8c8a07d..., userDataDir: C:\Users\basevim\AppData\Lo...}, goog:chromeOptions: {debuggerAddress: localhost:61031}, javascriptEnabled: true, networkConnectionEnabled: false, pageLoadStrategy: normal, platform: WINDOWS, platformName: WINDOWS, proxy: Proxy(), setWindowRect: true, strictFileInteractability: false, timeouts: {implicit: 0, pageLoad: 300000, script: 30000}, unhandledPromptBehavior: dismiss and notify, webauthn:extension:credBlob: true, webauthn:extension:largeBlob: true, webauthn:virtualAuthenticators: true}
Session ID: 120c71aa497bfd356f0875babf3fc00f
*** Element info: {Using=xpath, value=//*[@id='productTitle']}
	at Test_Add_Product_To_Cart.select_a_product(Test_Add_Product_To_Cart.java:37)
</error>
    <system-out><![CDATA[2022-09-01 10:41:45,399 ERROR [Log] select_a_product() FAILED :Expected condition failed: waiting for visibility of element located by By.xpath: //*[@id='productTitle'] (tried for 5 second(s) with 500 milliseconds interval) 
]]></system-out>
  </testcase>
  <testcase name="select_a_product" classname="Test_Add_Product_To_Favorites" time="1.865"/>
  <testcase name="add_product_to_cart" classname="Test_Add_Product_To_Cart" time="3.261">
    <error message="Expected condition failed: waiting for visibility of element located by By.id: add-to-cart-button (tried for 5 second(s) with 500 milliseconds interval)" type="org.openqa.selenium.TimeoutException">org.openqa.selenium.TimeoutException: Expected condition failed: waiting for visibility of element located by By.id: add-to-cart-button (tried for 5 second(s) with 500 milliseconds interval)
	at Test_Add_Product_To_Cart.add_product_to_cart(Test_Add_Product_To_Cart.java:44)
Caused by: org.openqa.selenium.NoSuchElementException: 
no such element: Unable to locate element: {"method":"css selector","selector":"#add\-to\-cart\-button"}
  (Session info: chrome=104.0.5112.102)
For documentation on this error, please visit: https://www.seleniumhq.org/exceptions/no_such_element.html
Build info: version: '3.141.59', revision: 'e82be7d358', time: '2018-11-14T08:17:03'
System info: host: 'NRD5CG5396W33', ip: '192.168.1.55', os.name: 'Windows 10', os.arch: 'amd64', os.version: '10.0', java.version: '18.0.2'
Driver info: org.openqa.selenium.chrome.ChromeDriver
Capabilities {acceptInsecureCerts: false, browserName: chrome, browserVersion: 104.0.5112.102, chrome: {chromedriverVersion: 104.0.5112.79 (3cf3e8c8a07d..., userDataDir: C:\Users\basevim\AppData\Lo...}, goog:chromeOptions: {debuggerAddress: localhost:61031}, javascriptEnabled: true, networkConnectionEnabled: false, pageLoadStrategy: normal, platform: WINDOWS, platformName: WINDOWS, proxy: Proxy(), setWindowRect: true, strictFileInteractability: false, timeouts: {implicit: 0, pageLoad: 300000, script: 30000}, unhandledPromptBehavior: dismiss and notify, webauthn:extension:credBlob: true, webauthn:extension:largeBlob: true, webauthn:virtualAuthenticators: true}
Session ID: 120c71aa497bfd356f0875babf3fc00f
*** Element info: {Using=id, value=add-to-cart-button}
	at Test_Add_Product_To_Cart.add_product_to_cart(Test_Add_Product_To_Cart.java:44)
</error>
    <system-out><![CDATA[2022-09-01 10:41:50,616 ERROR [Log] add_product_to_cart() FAILED :Expected condition failed: waiting for visibility of element located by By.id: add-to-cart-button (tried for 5 second(s) with 500 milliseconds interval) 
]]></system-out>
  </testcase>
  <testcase name="add_to_favorites_list" classname="Test_Add_Product_To_Favorites" time="1.521"/>
  <testcase name="delete_the_product" classname="Test_Delete_Product_In_Favorites" time="1.772"/>
  <testcase name="delete_all_products" classname="Test_Delete_Product_In_Favorites" time="0">
    <skipped message="Test 3 is running"/>
  </testcase>
</testsuite>